ERROR - 2023-03-31 08:56:06 --> Email: sendWithMail throwed ErrorException: mail(): Failed to connect to mailserver at &quot;localhost&quot; port 25, verify your &quot;SMTP&quot; and &quot;smtp_port&quot; setting in php.ini or use ini_set() in C:\xampp\htdocs\SeoneAcademy\system\Email\Email.php:1735
Stack trace:
#0 [internal function]: CodeIgniter\Debug\Exceptions->errorHandler(2, 'mail(): Failed ...', 'C:\\xampp\\htdocs...', 1735, Array)
#1 C:\xampp\htdocs\SeoneAcademy\system\Email\Email.php(1735): mail('info@seoneacade...', '=?UTF-8?Q?Regis...', '<table style="c...', 'Date: Fri, 31 M...', '-f rt@dgf.iu')
#2 C:\xampp\htdocs\SeoneAcademy\system\Email\Email.php(1667): CodeIgniter\Email\Email->sendWithMail()
#3 C:\xampp\htdocs\SeoneAcademy\system\Email\Email.php(1565): CodeIgniter\Email\Email->spoolEmail()
#4 C:\xampp\htdocs\SeoneAcademy\app\Controllers\Home.php(214): CodeIgniter\Email\Email->send()
#5 C:\xampp\htdocs\SeoneAcademy\system\CodeIgniter.php(934): App\Controllers\Home->registration_datails()
#6 C:\xampp\htdocs\SeoneAcademy\system\CodeIgniter.php(499): CodeIgniter\CodeIgniter->runController(Object(App\Controllers\Home))
#7 C:\xampp\htdocs\SeoneAcademy\system\CodeIgniter.php(368): CodeIgniter\CodeIgniter->handleRequest(NULL, Object(Config\Cache), false)
#8 C:\xampp\htdocs\SeoneAcademy\index.php(67): CodeIgniter\CodeIgniter->run()
#9 {main}
ERROR - 2023-03-31 08:56:06 --> Email: Unable to send email using PHP mail(). Your server might not be configured to send mail using this method.
ERROR - 2023-03-31 08:56:06 --> 
ERROR - 2023-03-31 08:56:50 --> Email: sendWithMail throwed ErrorException: mail(): Failed to connect to mailserver at &quot;localhost&quot; port 25, verify your &quot;SMTP&quot; and &quot;smtp_port&quot; setting in php.ini or use ini_set() in C:\xampp\htdocs\SeoneAcademy\system\Email\Email.php:1735
Stack trace:
#0 [internal function]: CodeIgniter\Debug\Exceptions->errorHandler(2, 'mail(): Failed ...', 'C:\\xampp\\htdocs...', 1735, Array)
#1 C:\xampp\htdocs\SeoneAcademy\system\Email\Email.php(1735): mail('info@seoneacade...', '=?UTF-8?Q?Regis...', '<table style="c...', 'Date: Fri, 31 M...', '-f pranjali@myt...')
#2 C:\xampp\htdocs\SeoneAcademy\system\Email\Email.php(1667): CodeIgniter\Email\Email->sendWithMail()
#3 C:\xampp\htdocs\SeoneAcademy\system\Email\Email.php(1565): CodeIgniter\Email\Email->spoolEmail()
#4 C:\xampp\htdocs\SeoneAcademy\app\Controllers\Home.php(214): CodeIgniter\Email\Email->send()
#5 C:\xampp\htdocs\SeoneAcademy\system\CodeIgniter.php(934): App\Controllers\Home->registration_datails()
#6 C:\xampp\htdocs\SeoneAcademy\system\CodeIgniter.php(499): CodeIgniter\CodeIgniter->runController(Object(App\Controllers\Home))
#7 C:\xampp\htdocs\SeoneAcademy\system\CodeIgniter.php(368): CodeIgniter\CodeIgniter->handleRequest(NULL, Object(Config\Cache), false)
#8 C:\xampp\htdocs\SeoneAcademy\index.php(67): CodeIgniter\CodeIgniter->run()
#9 {main}
ERROR - 2023-03-31 08:56:50 --> Email: Unable to send email using PHP mail(). Your server might not be configured to send mail using this method.
ERROR - 2023-03-31 08:56:50 --> 
CRITICAL - 2023-03-31 09:00:06 --> Object of class CodeIgniter\Email\Email could not be converted to string
in APPPATH\Controllers\Home.php on line 185.
 1 SYSTEMPATH\CodeIgniter.php(934): App\Controllers\Home->registration_datails()
 2 SYSTEMPATH\CodeIgniter.php(499): CodeIgniter\CodeIgniter->runController(Object(App\Controllers\Home))
 3 SYSTEMPATH\CodeIgniter.php(368): CodeIgniter\CodeIgniter->handleRequest(null, Object(Config\Cache), false)
 4 FCPATH\index.php(67): CodeIgniter\CodeIgniter->run()
